<?xml version="1.0" encoding="UTF-8"?>
<!-- Generated by org.testng.reporters.JUnitReportReporter -->
<testsuite hostname="hp-pc" failures="0" tests="1" name="testrunner.OpenCartRunner" time="52.825" errors="0" timestamp="2021-05-11T16:22:15 IST" skipped="0">
  <testcase classname="testrunner.OpenCartRunner" name="TC8_EditAccount" time="52.825"/>
  <system-out/>
</testsuite> <!-- testrunner.OpenCartRunner -->
